Build started 27.10.2014 16:05:06.
     1>Project "C:\Users\Admin\Documents\C\pynifpga\pynifpga\pynifpga.vcxproj" on node 2 (Build target(s)).
     1>ClCompile:
         C:\Program Files (x86)\Microsoft Visual Studio 12.0\VC\bin\CL.exe /c /Zi /nologo /W3 /WX- /sdl /O2 /Oi /Oy- /GL /D _WINDLL /D _MBCS /Gm- /EHsc /MD /GS /Gy /fp:precise /Zc:wchar_t /Zc:forScope /Fo"Release\\" /Fd"Release\vc120.pdb" /Gd /TP /analyze- /errorReport:prompt pynifpga.cpp
         pynifpga.cpp
     1>c:\python27\include\pymath.h(22): warning C4273: 'round' : inconsistent dll linkage
                 C:\Program Files (x86)\Microsoft Visual Studio 12.0\VC\include\math.h(516) : see previous definition of 'round'
     1>C:\Program Files (x86)\Microsoft Visual Studio 12.0\VC\include\xtgmath.h(206): warning C4273: 'round' : inconsistent dll linkage
                 C:\Program Files (x86)\Microsoft Visual Studio 12.0\VC\include\math.h(516) : see previous definition of 'round'
       Link:
         C:\Program Files (x86)\Microsoft Visual Studio 12.0\VC\bin\link.exe /ERRORREPORT:PROMPT /OUT:"C:\Users\Admin\Documents\C\pynifpga\Release\pynifpga.pyd" /NOLOGO kernel32.lib user32.lib gdi32.lib winspool.lib comdlg32.lib advapi32.lib shell32.lib ole32.lib oleaut32.lib uuid.lib odbc32.lib odbccp32.lib /MANIFEST /MANIFESTUAC:"level='asInvoker' uiAccess='false'" /manifest:embed /DEBUG /PDB:"C:\Users\Admin\Documents\C\pynifpga\Release\pynifpga.pdb" /OPT:REF /OPT:ICF /LTCG /TLBID:1 /DYNAMICBASE /NXCOMPAT /IMPLIB:"C:\Users\Admin\Documents\C\pynifpga\Release\pynifpga.lib" /MACHINE:X86 /SAFESEH /DLL Release\NiFpga.obj
         Release\nifpgaw.obj
         Release\pynifpga.obj
            Creating library C:\Users\Admin\Documents\C\pynifpga\Release\pynifpga.lib and object C:\Users\Admin\Documents\C\pynifpga\Release\pynifpga.exp
         Generating code
         Finished generating code
         pynifpga.vcxproj -> C:\Users\Admin\Documents\C\pynifpga\Release\pynifpga.pyd
     1>Done Building Project "C:\Users\Admin\Documents\C\pynifpga\pynifpga\pynifpga.vcxproj" (Build target(s)).

Build succeeded.

Time Elapsed 00:00:06.49
